Using pre-set license
Built from '2021.3/staging' branch; Version is '2021.3.14f1 (eee1884e7226) revision 15655304'; Using compiler version '192829333'; Build Type 'Release'
OS: 'Windows 11  (10.0.22000) 64bit Core' Language: 'fr' Physical Memory: 15792 MB
BatchMode: 1, IsHumanControllingUs: 0, StartBugReporterOnCrash: 0, Is64bit: 1, IsPro: 1

COMMAND LINE ARGUMENTS:
C:\Program Files\Unity\Hub\Editor\2021.3.14f1\Editor\Unity.exe
-adb2
-batchMode
-noUpm
-name
AssetImportWorker1
-projectPath
D:/Unity/Fruit Ninja/Fruit Ninja
-logFile
Logs/AssetImportWorker1.log
-srvPort
52072
Successfully changed project path to: D:/Unity/Fruit Ninja/Fruit Ninja
D:/Unity/Fruit Ninja/Fruit Ninja
[UnityMemory] Configuration Parameters - Can be set up in boot.config
    "memorysetup-bucket-allocator-granularity=16"
    "memorysetup-bucket-allocator-bucket-count=8"
    "memorysetup-bucket-allocator-block-size=33554432"
    "memorysetup-bucket-allocator-block-count=8"
    "memorysetup-main-allocator-block-size=16777216"
    "memorysetup-thread-allocator-block-size=16777216"
    "memorysetup-gfx-main-allocator-block-size=16777216"
    "memorysetup-gfx-thread-allocator-block-size=16777216"
    "memorysetup-cache-allocator-block-size=4194304"
    "memorysetup-typetree-allocator-block-size=2097152"
    "memorysetup-profiler-bucket-allocator-granularity=16"
    "memorysetup-profiler-bucket-allocator-bucket-count=8"
    "memorysetup-profiler-bucket-allocator-block-size=33554432"
    "memorysetup-profiler-bucket-allocator-block-count=8"
    "memorysetup-profiler-allocator-block-size=16777216"
    "memorysetup-profiler-editor-allocator-block-size=1048576"
    "memorysetup-temp-allocator-size-main=16777216"
    "memorysetup-job-temp-allocator-block-size=2097152"
    "memorysetup-job-temp-allocator-block-size-background=1048576"
    "memorysetup-job-temp-allocator-reduction-small-platforms=262144"
    "memorysetup-temp-allocator-size-background-worker=32768"
    "memorysetup-temp-allocator-size-job-worker=262144"
    "memorysetup-temp-allocator-size-preload-manager=33554432"
    "memorysetup-temp-allocator-size-nav-mesh-worker=65536"
    "memorysetup-temp-allocator-size-audio-worker=65536"
    "memorysetup-temp-allocator-size-cloud-worker=32768"
    "memorysetup-temp-allocator-size-gi-baking-worker=262144"
    "memorysetup-temp-allocator-size-gfx=262144"
Refreshing native plugins compatible for Editor in 74.86 ms, found 3 plugins.
Preloading 0 native plugins for Editor in 0.00 ms.
Initialize engine version: 2021.3.14f1 (eee1884e7226)
[Subsystems] Discovering subsystems at path C:/Program Files/Unity/Hub/Editor/2021.3.14f1/Editor/Data/Resources/UnitySubsystems
[Subsystems] Discovering subsystems at path D:/Unity/Fruit Ninja/Fruit Ninja/Assets
GfxDevice: creating device client; threaded=0; jobified=0
Direct3D:
    Version:  Direct3D 11.0 [level 11.1]
    Renderer: NVIDIA GeForce RTX 3050 Ti Laptop GPU (ID=0x25a0)
    Vendor:   NVIDIA
    VRAM:     3990 MB
    Driver:   31.0.15.1748
Initialize mono
Mono path[0] = 'C:/Program Files/Unity/Hub/Editor/2021.3.14f1/Editor/Data/Managed'
Mono path[1] = 'C:/Program Files/Unity/Hub/Editor/2021.3.14f1/Editor/Data/MonoBleedingEdge/lib/mono/unityjit-win32'
Mono config path = 'C:/Program Files/Unity/Hub/Editor/2021.3.14f1/Editor/Data/MonoBleedingEdge/etc'
Using monoOptions --debugger-agent=transport=dt_socket,embedding=1,server=y,suspend=n,address=127.0.0.1:56556
Begin MonoManager ReloadAssembly
Registering precompiled unity dll's ...
Register platform support module: C:/Program Files/Unity/Hub/Editor/2021.3.14f1/Editor/Data/PlaybackEngines/WindowsStandaloneSupport/UnityEditor.WindowsStandalone.Extensions.dll
Registered in 0.006242 seconds.
Native extension for WindowsStandalone target not found
Refreshing native plugins compatible for Editor in 78.51 ms, found 3 plugins.
Preloading 0 native plugins for Editor in 0.00 ms.
Mono: successfully reloaded assembly
- Completed reload, in  0.770 seconds
Domain Reload Profiling:
	ReloadAssembly (771ms)
		BeginReloadAssembly (219ms)
			ExecutionOrderSort (0ms)
			DisableScriptedObjects (0ms)
			BackupInstance (0ms)
			ReleaseScriptingObjects (0ms)
			CreateAndSetChildDomain (1ms)
		EndReloadAssembly (441ms)
			LoadAssemblies (214ms)
			RebuildTransferFunctionScriptingTraits (0ms)
			SetupTypeCache (99ms)
			ReleaseScriptCaches (0ms)
			RebuildScriptCaches (26ms)
			SetupLoadedEditorAssemblies (270ms)
				LogAssemblyErrors (0ms)
				InitializePlatformSupportModulesInManaged (8ms)
				SetLoadedEditorAssemblies (0ms)
				RefreshPlugins (79ms)
				BeforeProcessingInitializeOnLoad (1ms)
				ProcessInitializeOnLoadAttributes (137ms)
				ProcessInitializeOnLoadMethodAttributes (45ms)
				AfterProcessingInitializeOnLoad (0ms)
				EditorAssembliesLoaded (0ms)
			ExecutionOrderSort2 (0ms)
			AwakeInstancesAfterBackupRestoration (0ms)
Platform modules already initialized, skipping
Registering precompiled user dll's ...
Registered in 0.006723 seconds.
Begin MonoManager ReloadAssembly
Symbol file LoadedFromMemory doesn't match image D:\Unity\Fruit Ninja\Fruit Ninja\Library\PackageCache\com.unity.visualscripting@1.7.8\Editor\VisualScripting.Core\Dependencies\YamlDotNet\Unity.VisualScripting.YamlDotNet.dll
Symbol file LoadedFromMemory doesn't match image D:\Unity\Fruit Ninja\Fruit Ninja\Library\PackageCache\com.unity.visualscripting@1.7.8\Editor\VisualScripting.Core\Dependencies\DotNetZip\Unity.VisualScripting.IonicZip.dll
Native extension for WindowsStandalone target not found
Refreshing native plugins compatible for Editor in 0.57 ms, found 3 plugins.
Preloading 0 native plugins for Editor in 0.00 ms.
Mono: successfully reloaded assembly
- Completed reload, in  1.038 seconds
Domain Reload Profiling:
	ReloadAssembly (1039ms)
		BeginReloadAssembly (108ms)
			ExecutionOrderSort (0ms)
			DisableScriptedObjects (7ms)
			BackupInstance (0ms)
			ReleaseScriptingObjects (0ms)
			CreateAndSetChildDomain (19ms)
		EndReloadAssembly (818ms)
			LoadAssemblies (135ms)
			RebuildTransferFunctionScriptingTraits (0ms)
			SetupTypeCache (252ms)
			ReleaseScriptCaches (1ms)
			RebuildScriptCaches (47ms)
			SetupLoadedEditorAssemblies (354ms)
				LogAssemblyErrors (0ms)
				InitializePlatformSupportModulesInManaged (6ms)
				SetLoadedEditorAssemblies (0ms)
				RefreshPlugins (1ms)
				BeforeProcessingInitializeOnLoad (86ms)
				ProcessInitializeOnLoadAttributes (225ms)
				ProcessInitializeOnLoadMethodAttributes (25ms)
				AfterProcessingInitializeOnLoad (11ms)
				EditorAssembliesLoaded (0ms)
			ExecutionOrderSort2 (0ms)
			AwakeInstancesAfterBackupRestoration (5ms)
Platform modules already initialized, skipping
========================================================================
Worker process is ready to serve import requests
Launched and connected shader compiler UnityShaderCompiler.exe after 0.06 seconds
Refreshing native plugins compatible for Editor in 0.55 ms, found 3 plugins.
Preloading 0 native plugins for Editor in 0.00 ms.
Unloading 3351 Unused Serialized files (Serialized files now loaded: 0)
Unloading 27 unused Assets / (113.4 KB). Loaded Objects now: 3808.
Memory consumption went from 115.3 MB to 115.2 MB.
Total: 3.201300 ms (FindLiveObjects: 0.324700 ms CreateObjectMapping: 0.119900 ms MarkObjects: 2.620300 ms  DeleteObjects: 0.134900 ms)

AssetImportParameters requested are different than current active one (requested -> active):
  custom:video-decoder-ogg-theora: a1e56fd34408186e4bbccfd4996cb3dc -> 
  custom:container-muxer-webm: aa71ff27fc2769a1b78a27578f13a17b -> 
  custom:container-demuxer-webm: 4f35f7cbe854078d1ac9338744f61a02 -> 
  custom:video-encoder-webm-vp8: eb34c28f22e8b96e1ab97ce403110664 -> 
  custom:video-codec-MediaFoundation-h265: 746d11721c4dcdbdad8f713fa42b33f4 -> 
  custom:audio-encoder-webm-vorbis: bf7c407c2cedff20999df2af8eb42d56 -> 
  custom:framework-win-MediaFoundation: 216162199b28c13a410421893ffa2e32 -> 
  custom:container-demuxer-ogg: 62fdf1f143b41e24485cea50d1cbac27 -> 
  custom:video-decoder-webm-vp8: 9c59270c3fd7afecdb556c50c9e8de78 -> 
  custom:audio-decoder-ogg-vorbis: bf7c407c2cedff20999df2af8eb42d56 -> 
========================================================================
Received Import Request.
  Time since last request: 622695.540751 seconds.
  path: Assets/Wood020_8K_Color.jpg
  artifactKey: Guid(ded8c5fb811af814ea0edf3f8003bfac) Importer(815301076,1909f56bfc062723c751e8b465ee728b)
Start importing Assets/Wood020_8K_Color.jpg using Guid(ded8c5fb811af814ea0edf3f8003bfac) Importer(815301076,1909f56bfc062723c751e8b465ee728b)  -> (artifact id: '32f2c250de6865f763cd8e54dac464c7') in 0.108305 seconds 
========================================================================
Received Import Request.
  Time since last request: 37.170730 seconds.
  path: Assets/Fruit_Whole.fbx
  artifactKey: Guid(d63147f5219b40141b5c31e6ede7a83d) Importer(815301076,1909f56bfc062723c751e8b465ee728b)
Start importing Assets/Fruit_Whole.fbx using Guid(d63147f5219b40141b5c31e6ede7a83d) Importer(815301076,1909f56bfc062723c751e8b465ee728b)  -> (artifact id: 'faeb7e38fa27262aaa75560221a8bf6d') in 0.426950 seconds 
========================================================================
Received Import Request.
  Time since last request: 1298.489624 seconds.
  path: Assets/Textures/Watermelon_Inside 1.mat
  artifactKey: Guid(012067e33f8eb5e4ca613088410cdd83) Importer(815301076,1909f56bfc062723c751e8b465ee728b)
Start importing Assets/Textures/Watermelon_Inside 1.mat using Guid(012067e33f8eb5e4ca613088410cdd83) Importer(815301076,1909f56bfc062723c751e8b465ee728b)  -> (artifact id: '2f17a40519f75a13248863ff2bc032e2') in 0.032426 seconds 
========================================================================
Received Import Request.
  Time since last request: 309.454627 seconds.
  path: Assets/Textures/Watermelon_Inside.mat
  artifactKey: Guid(02c1a96c61d55e449b81c3b5d391b968) Importer(815301076,1909f56bfc062723c751e8b465ee728b)
Start importing Assets/Textures/Watermelon_Inside.mat using Guid(02c1a96c61d55e449b81c3b5d391b968) Importer(815301076,1909f56bfc062723c751e8b465ee728b)  -> (artifact id: '8919666c260547e397560d7be1ee53ed') in 0.011312 seconds 
========================================================================
Received Import Request.
  Time since last request: 0.000039 seconds.
  path: Assets/Textures/Watermelon_Outside.mat
  artifactKey: Guid(012067e33f8eb5e4ca613088410cdd83) Importer(815301076,1909f56bfc062723c751e8b465ee728b)
Start importing Assets/Textures/Watermelon_Outside.mat using Guid(012067e33f8eb5e4ca613088410cdd83) Importer(815301076,1909f56bfc062723c751e8b465ee728b)  -> (artifact id: '3f6c0c5552e1bb19b2b8ca28106cfd30') in 0.015402 seconds 
========================================================================
Received Import Request.
  Time since last request: 213.502399 seconds.
  path: Assets/Props/3DMelon001_SQ-4K_Color.jpg
  artifactKey: Guid(68b8eaf724d3f964b8a5ead3995482ef) Importer(815301076,1909f56bfc062723c751e8b465ee728b)
Start importing Assets/Props/3DMelon001_SQ-4K_Color.jpg using Guid(68b8eaf724d3f964b8a5ead3995482ef) Importer(815301076,1909f56bfc062723c751e8b465ee728b)  -> (artifact id: '517f2e83ee0959df4363b6acad0c79db') in 0.015766 seconds 
========================================================================
Received Import Request.
  Time since last request: 0.000035 seconds.
  path: Assets/Props/3DMelon001_SQ-4K_NormalGL.jpg
  artifactKey: Guid(cb47023691a0f5c4885b5db79f05e91a) Importer(815301076,1909f56bfc062723c751e8b465ee728b)
Start importing Assets/Props/3DMelon001_SQ-4K_NormalGL.jpg using Guid(cb47023691a0f5c4885b5db79f05e91a) Importer(815301076,1909f56bfc062723c751e8b465ee728b)  -> (artifact id: '3984c9055548c3ac0184fa798e54087f') in 0.015144 seconds 
========================================================================
Received Import Request.
  Time since last request: 425.058435 seconds.
  path: Assets/Textures/Apple_Outside.mat
  artifactKey: Guid(fe577129e0ff88d4fb807547d9c520c3) Importer(815301076,1909f56bfc062723c751e8b465ee728b)
Start importing Assets/Textures/Apple_Outside.mat using Guid(fe577129e0ff88d4fb807547d9c520c3) Importer(815301076,1909f56bfc062723c751e8b465ee728b)  -> (artifact id: '09de79ac356abafc36592e0a447c07b9') in 0.128640 seconds 
========================================================================
Received Import Request.
  Time since last request: 0.000045 seconds.
  path: Assets/Textures/Kiwi_Outside.mat
  artifactKey: Guid(c99fe9c7662703448a1caadc55d079be) Importer(815301076,1909f56bfc062723c751e8b465ee728b)
Start importing Assets/Textures/Kiwi_Outside.mat using Guid(c99fe9c7662703448a1caadc55d079be) Importer(815301076,1909f56bfc062723c751e8b465ee728b)  -> (artifact id: '97ebf4e810fc707ce4b13ec7f6e77977') in 0.226698 seconds 
========================================================================
Received Import Request.
  Time since last request: 0.000043 seconds.
  path: Assets/Textures/Orange_Outside.mat
  artifactKey: Guid(94e78cea821e0ef43bccfae5518e846f) Importer(815301076,1909f56bfc062723c751e8b465ee728b)
Start importing Assets/Textures/Orange_Outside.mat using Guid(94e78cea821e0ef43bccfae5518e846f) Importer(815301076,1909f56bfc062723c751e8b465ee728b)  -> (artifact id: 'd23a94221d2677844df0797a4d99e536') in 0.023990 seconds 
========================================================================
Received Import Request.
  Time since last request: 0.000031 seconds.
  path: Assets/Textures/Orange_Inside.mat
  artifactKey: Guid(a04f92d6cb003494cb9c4603b60fa73e) Importer(815301076,1909f56bfc062723c751e8b465ee728b)
Start importing Assets/Textures/Orange_Inside.mat using Guid(a04f92d6cb003494cb9c4603b60fa73e) Importer(815301076,1909f56bfc062723c751e8b465ee728b)  -> (artifact id: 'f45d83f0ad0046732fa04608654d7365') in 0.020679 seconds 
Editor requested this worker to shutdown with reason: Scaling down because of idle timeout
AssetImportWorker is now disconnected from the server
Process exiting
Exiting without the bug reporter. Application will terminate with return code 0